<?xml version="1.0" encoding="UTF-8"?>
<!-- Generated by org.testng.reporters.JUnitReportReporter -->
<testsuite hostname="DESKTOP-JSLVUL9" failures="0" tests="1" name="Demo.Test3" time="0.014" errors="0" timestamp="2023-01-10T15:10:23 IST" skipped="0">
  <testcase classname="Demo.Test3" name="m3" time="0.014"/>
  <system-out/>
</testsuite> <!-- Demo.Test3 -->
